C:\USERS\YASSER\DOCUMENTS\GITHUB\GFX15_LAB10_COLLISIONDETECTION_21\AABB COLLISION DETECTION\AABB COLLISION DETECTION\DEBUG\APPLICATIONMANAGER.OBJ
C:\USERS\YASSER\DOCUMENTS\GITHUB\GFX15_LAB10_COLLISIONDETECTION_21\AABB COLLISION DETECTION\AABB COLLISION DETECTION\DEBUG\AABOUNDINGBOX.OBJ
C:\USERS\YASSER\DOCUMENTS\GITHUB\GFX15_LAB10_COLLISIONDETECTION_21\AABB COLLISION DETECTION\AABB COLLISION DETECTION\DEBUG\COLLIDABLEMODEL.OBJ
C:\USERS\YASSER\DOCUMENTS\GITHUB\GFX15_LAB10_COLLISIONDETECTION_21\AABB COLLISION DETECTION\AABB COLLISION DETECTION\DEBUG\COLLISIONMANAGER.OBJ
C:\USERS\YASSER\DOCUMENTS\GITHUB\GFX15_LAB10_COLLISIONDETECTION_21\AABB COLLISION DETECTION\AABB COLLISION DETECTION\DEBUG\EULERCAMERA.OBJ
C:\USERS\YASSER\DOCUMENTS\GITHUB\GFX15_LAB10_COLLISIONDETECTION_21\AABB COLLISION DETECTION\AABB COLLISION DETECTION\DEBUG\KEYFRAMEANIMATIONSHADER.OBJ
C:\USERS\YASSER\DOCUMENTS\GITHUB\GFX15_LAB10_COLLISIONDETECTION_21\AABB COLLISION DETECTION\AABB COLLISION DETECTION\DEBUG\SHADERPROGRAM.OBJ
C:\USERS\YASSER\DOCUMENTS\GITHUB\GFX15_LAB10_COLLISIONDETECTION_21\AABB COLLISION DETECTION\AABB COLLISION DETECTION\DEBUG\MAIN.OBJ
C:\USERS\YASSER\DOCUMENTS\GITHUB\GFX15_LAB10_COLLISIONDETECTION_21\AABB COLLISION DETECTION\AABB COLLISION DETECTION\DEBUG\MD2MODEL.OBJ
C:\USERS\YASSER\DOCUMENTS\GITHUB\GFX15_LAB10_COLLISIONDETECTION_21\AABB COLLISION DETECTION\AABB COLLISION DETECTION\DEBUG\VERTEXBUFFEROBJECT.OBJ
C:\USERS\YASSER\DOCUMENTS\GITHUB\GFX15_LAB10_COLLISIONDETECTION_21\AABB COLLISION DETECTION\AABB COLLISION DETECTION\DEBUG\MODEL.OBJ
C:\USERS\YASSER\DOCUMENTS\GITHUB\GFX15_LAB10_COLLISIONDETECTION_21\AABB COLLISION DETECTION\AABB COLLISION DETECTION\DEBUG\MODEL3D.OBJ
C:\USERS\YASSER\DOCUMENTS\GITHUB\GFX15_LAB10_COLLISIONDETECTION_21\AABB COLLISION DETECTION\AABB COLLISION DETECTION\DEBUG\MODELNODE.OBJ
C:\USERS\YASSER\DOCUMENTS\GITHUB\GFX15_LAB10_COLLISIONDETECTION_21\AABB COLLISION DETECTION\AABB COLLISION DETECTION\DEBUG\SHADER.OBJ
C:\USERS\YASSER\DOCUMENTS\GITHUB\GFX15_LAB10_COLLISIONDETECTION_21\AABB COLLISION DETECTION\AABB COLLISION DETECTION\DEBUG\TEXTURE.OBJ
C:\USERS\YASSER\DOCUMENTS\GITHUB\GFX15_LAB10_COLLISIONDETECTION_21\AABB COLLISION DETECTION\AABB COLLISION DETECTION\DEBUG\VC110.PDB
C:\USERS\YASSER\DOCUMENTS\GITHUB\GFX15_LAB10_COLLISIONDETECTION_21\AABB COLLISION DETECTION\AABB COLLISION DETECTION\DEBUG\TEXTUREDMODEL.OBJ
C:\USERS\YASSER\DOCUMENTS\GITHUB\GFX15_LAB10_COLLISIONDETECTION_21\AABB COLLISION DETECTION\AABB COLLISION DETECTION\DEBUG\RENDERER.OBJ
C:\USERS\YASSER\DOCUMENTS\GITHUB\GFX15_LAB10_COLLISIONDETECTION_21\AABB COLLISION DETECTION\AABB COLLISION DETECTION\DEBUG\STB_IMAGE.OBJ
C:\USERS\YASSER\DOCUMENTS\GITHUB\GFX15_LAB10_COLLISIONDETECTION_21\AABB COLLISION DETECTION\DEBUG\AABB COLLISION DETECTION.ILK
C:\USERS\YASSER\DOCUMENTS\GITHUB\GFX15_LAB10_COLLISIONDETECTION_21\AABB COLLISION DETECTION\DEBUG\AABB COLLISION DETECTION.EXE
C:\USERS\YASSER\DOCUMENTS\GITHUB\GFX15_LAB10_COLLISIONDETECTION_21\AABB COLLISION DETECTION\DEBUG\AABB COLLISION DETECTION.PDB
C:\Users\Yasser\Documents\GitHub\GFX15_Lab10_CollisionDetection_21\AABB Collision Detection\AABB Collision Detection\Debug\AABoundingBox.obj
C:\Users\Yasser\Documents\GitHub\GFX15_Lab10_CollisionDetection_21\AABB Collision Detection\AABB Collision Detection\Debug\ApplicationManager.obj
C:\Users\Yasser\Documents\GitHub\GFX15_Lab10_CollisionDetection_21\AABB Collision Detection\AABB Collision Detection\Debug\CollidableModel.obj
C:\Users\Yasser\Documents\GitHub\GFX15_Lab10_CollisionDetection_21\AABB Collision Detection\AABB Collision Detection\Debug\CollisionManager.obj
C:\Users\Yasser\Documents\GitHub\GFX15_Lab10_CollisionDetection_21\AABB Collision Detection\AABB Collision Detection\Debug\EulerCamera.obj
C:\Users\Yasser\Documents\GitHub\GFX15_Lab10_CollisionDetection_21\AABB Collision Detection\AABB Collision Detection\Debug\KeyFrameAnimationShader.obj
C:\Users\Yasser\Documents\GitHub\GFX15_Lab10_CollisionDetection_21\AABB Collision Detection\AABB Collision Detection\Debug\main.obj
C:\Users\Yasser\Documents\GitHub\GFX15_Lab10_CollisionDetection_21\AABB Collision Detection\AABB Collision Detection\Debug\md2model.obj
C:\Users\Yasser\Documents\GitHub\GFX15_Lab10_CollisionDetection_21\AABB Collision Detection\AABB Collision Detection\Debug\Model.obj
C:\Users\Yasser\Documents\GitHub\GFX15_Lab10_CollisionDetection_21\AABB Collision Detection\AABB Collision Detection\Debug\Model3D.obj
C:\Users\Yasser\Documents\GitHub\GFX15_Lab10_CollisionDetection_21\AABB Collision Detection\AABB Collision Detection\Debug\ModelNode.obj
C:\Users\Yasser\Documents\GitHub\GFX15_Lab10_CollisionDetection_21\AABB Collision Detection\AABB Collision Detection\Debug\Renderer.obj
C:\Users\Yasser\Documents\GitHub\GFX15_Lab10_CollisionDetection_21\AABB Collision Detection\AABB Collision Detection\Debug\shader.obj
C:\Users\Yasser\Documents\GitHub\GFX15_Lab10_CollisionDetection_21\AABB Collision Detection\AABB Collision Detection\Debug\ShaderProgram.obj
C:\Users\Yasser\Documents\GitHub\GFX15_Lab10_CollisionDetection_21\AABB Collision Detection\AABB Collision Detection\Debug\stb_image.obj
C:\Users\Yasser\Documents\GitHub\GFX15_Lab10_CollisionDetection_21\AABB Collision Detection\AABB Collision Detection\Debug\texture.obj
C:\Users\Yasser\Documents\GitHub\GFX15_Lab10_CollisionDetection_21\AABB Collision Detection\AABB Collision Detection\Debug\TexturedModel.obj
C:\Users\Yasser\Documents\GitHub\GFX15_Lab10_CollisionDetection_21\AABB Collision Detection\AABB Collision Detection\Debug\vertexBufferObject.obj
C:\Users\Yasser\Documents\GitHub\GFX15_Lab10_CollisionDetection_21\AABB Collision Detection\AABB Collision Detection\Debug\cl.command.1.tlog
C:\Users\Yasser\Documents\GitHub\GFX15_Lab10_CollisionDetection_21\AABB Collision Detection\AABB Collision Detection\Debug\CL.read.1.tlog
C:\Users\Yasser\Documents\GitHub\GFX15_Lab10_CollisionDetection_21\AABB Collision Detection\AABB Collision Detection\Debug\CL.write.1.tlog
C:\Users\Yasser\Documents\GitHub\GFX15_Lab10_CollisionDetection_21\AABB Collision Detection\AABB Collision Detection\Debug\link-cvtres.read.1.tlog
C:\Users\Yasser\Documents\GitHub\GFX15_Lab10_CollisionDetection_21\AABB Collision Detection\AABB Collision Detection\Debug\link-cvtres.write.1.tlog
C:\Users\Yasser\Documents\GitHub\GFX15_Lab10_CollisionDetection_21\AABB Collision Detection\AABB Collision Detection\Debug\link-rc.read.1.tlog
C:\Users\Yasser\Documents\GitHub\GFX15_Lab10_CollisionDetection_21\AABB Collision Detection\AABB Collision Detection\Debug\link-rc.write.1.tlog
C:\Users\Yasser\Documents\GitHub\GFX15_Lab10_CollisionDetection_21\AABB Collision Detection\AABB Collision Detection\Debug\link.484-cvtres.read.1.tlog
C:\Users\Yasser\Documents\GitHub\GFX15_Lab10_CollisionDetection_21\AABB Collision Detection\AABB Collision Detection\Debug\link.484-cvtres.write.1.tlog
C:\Users\Yasser\Documents\GitHub\GFX15_Lab10_CollisionDetection_21\AABB Collision Detection\AABB Collision Detection\Debug\link.484-rc.read.1.tlog
C:\Users\Yasser\Documents\GitHub\GFX15_Lab10_CollisionDetection_21\AABB Collision Detection\AABB Collision Detection\Debug\link.484-rc.write.1.tlog
C:\Users\Yasser\Documents\GitHub\GFX15_Lab10_CollisionDetection_21\AABB Collision Detection\AABB Collision Detection\Debug\link.484.read.1.tlog
C:\Users\Yasser\Documents\GitHub\GFX15_Lab10_CollisionDetection_21\AABB Collision Detection\AABB Collision Detection\Debug\link.484.write.1.tlog
C:\Users\Yasser\Documents\GitHub\GFX15_Lab10_CollisionDetection_21\AABB Collision Detection\AABB Collision Detection\Debug\link.command.1.tlog
C:\Users\Yasser\Documents\GitHub\GFX15_Lab10_CollisionDetection_21\AABB Collision Detection\AABB Collision Detection\Debug\link.read.1.tlog
C:\Users\Yasser\Documents\GitHub\GFX15_Lab10_CollisionDetection_21\AABB Collision Detection\AABB Collision Detection\Debug\link.write.1.tlog
C:\Users\Yasser\Documents\GitHub\GFX15_Lab10_CollisionDetection_21\AABB Collision Detection\AABB Collision Detection\Debug\vc110.idb
C:\Users\Yasser\Documents\GitHub\GFX15_Lab10_CollisionDetection_21\AABB Collision Detection\AABB Collision Detection\Debug\vc110.pdb
C:\Users\Yasser\Documents\GitHub\GFX15_Lab10_CollisionDetection_21\AABB Collision Detection\Debug\AABB Collision Detection.pdb
C:\Users\Yasser\Documents\GitHub\GFX15_Lab10_CollisionDetection_21\AABB Collision Detection\Debug\AABB Collision Detection.exe
C:\Users\Yasser\Documents\GitHub\GFX15_Lab10_CollisionDetection_21\AABB Collision Detection\Debug\AABB Collision Detection.ilk
