Build started 4/24/2015 1:00:53 AM.
     1>Project "C:\Users\Yasser\Documents\Visual Studio 2012\Projects\MD2 Model Animation\MD2 Model Animation\MD2 Model Animation.vcxproj" on node 2 (Build target(s)).
     1>ClCompile:
         C:\Program Files (x86)\Microsoft Visual Studio 11.0\VC\bin\CL.exe /c /I"C:\Users\Yasser\Documents\Visual Studio 2012\Projects\MD2 Model Animation\MD2 Model Animation\\" /ZI /nologo /W3 /WX- /Od /Oy- /D WIN32 /D _DEBUG /D _CONSOLE /D _UNICODE /D UNICODE /Gm /EHsc /RTC1 /MDd /GS /fp:precise /Zc:wchar_t /Zc:forScope /Fo"Debug\\" /Fd"Debug\vc110.pdb" /Gd /TP /analyze- /errorReport:prompt Renderer\Renderer.cpp
         Renderer.cpp
     1>c:\users\yasser\documents\visual studio 2012\projects\md2 model animation\md2 model animation\renderer\renderer.cpp(156): warning C4244: 'argument' : conversion from 'double' to 'float', possible loss of data
     1>c:\users\yasser\documents\visual studio 2012\projects\md2 model animation\md2 model animation\renderer\renderer.cpp(178): warning C4305: 'argument' : truncation from 'double' to 'float'
     1>c:\users\yasser\documents\visual studio 2012\projects\md2 model animation\md2 model animation\renderer\renderer.cpp(184): warning C4305: 'argument' : truncation from 'double' to 'float'
     1>c:\users\yasser\documents\visual studio 2012\projects\md2 model animation\md2 model animation\renderer\renderer.cpp(190): warning C4305: 'argument' : truncation from 'double' to 'float'
     1>c:\users\yasser\documents\visual studio 2012\projects\md2 model animation\md2 model animation\renderer\renderer.cpp(196): warning C4305: 'argument' : truncation from 'double' to 'float'
     1>c:\users\yasser\documents\visual studio 2012\projects\md2 model animation\md2 model animation\renderer\renderer.cpp(217): warning C4244: 'argument' : conversion from 'double' to 'float', possible loss of data
     1>c:\users\yasser\documents\visual studio 2012\projects\md2 model animation\md2 model animation\renderer\renderer.cpp(218): warning C4244: 'argument' : conversion from 'double' to 'float', possible loss of data
       Link:
         C:\Program Files (x86)\Microsoft Visual Studio 11.0\VC\bin\link.exe /ERRORREPORT:PROMPT /OUT:"C:\Users\Yasser\Documents\Visual Studio 2012\Projects\MD2 Model Animation\Debug\MD2 Model Animation.exe" /INCREMENTAL /NOLOGO opengl32.lib glew32.lib glfw3.lib assimp.lib kernel32.lib user32.lib gdi32.lib winspool.lib comdlg32.lib advapi32.lib shell32.lib ole32.lib oleaut32.lib uuid.lib odbc32.lib odbccp32.lib /MANIFEST /MANIFESTUAC:"level='asInvoker' uiAccess='false'" /manifest:embed /DEBUG /PDB:"C:\Users\Yasser\Documents\Visual Studio 2012\Projects\MD2 Model Animation\Debug\MD2 Model Animation.pdb" /SUBSYSTEM:CONSOLE /TLBID:1 /DYNAMICBASE /NXCOMPAT /IMPLIB:"C:\Users\Yasser\Documents\Visual Studio 2012\Projects\MD2 Model Animation\Debug\MD2 Model Animation.lib" /MACHINE:X86 Debug\ApplicationManager.obj
         Debug\EulerCamera.obj
         Debug\KeyFrameAnimationShader.obj
         Debug\ShaderProgram.obj
         Debug\main.obj
         Debug\md2model.obj
         Debug\vertexBufferObject.obj
         Debug\Model.obj
         Debug\Renderer.obj
         Debug\Model3D.obj
         Debug\ModelNode.obj
         Debug\TexturedModel.obj
         Debug\shader.obj
         Debug\stb_image.obj
         Debug\texture.obj
         MD2 Model Animation.vcxproj -> C:\Users\Yasser\Documents\Visual Studio 2012\Projects\MD2 Model Animation\Debug\MD2 Model Animation.exe
     1>Done Building Project "C:\Users\Yasser\Documents\Visual Studio 2012\Projects\MD2 Model Animation\MD2 Model Animation\MD2 Model Animation.vcxproj" (Build target(s)).

Build succeeded.

Time Elapsed 00:00:01.74
